<?xml version="1.0" encoding="utf-8"?><testsuites name="pytest tests"><testsuite name="pytest" errors="0" failures="0" skipped="0" tests="16" time="6.576" timestamp="2026-04-29T00:43:14.879251+00:00" hostname="agent-env-b37e10f7-6df3-4245-bd5f-bc128055367e"><testcase classname="backend.tests.test_geocode_api.TestGeocode" name="test_geocode_validation_too_short" time="0.340" /><testcase classname="backend.tests.test_geocode_api.TestGeocode" name="test_geocode_bandra" time="0.147" /><testcase classname="backend.tests.test_geocode_api.TestGeocode" name="test_geocode_soho_with_country_state" time="1.500" /><testcase classname="backend.tests.test_geocode_api.TestGeocode" name="test_geocode_limit_respected" time="0.570" /><testcase classname="backend.tests.test_geocode_api.TestGeocode" name="test_geocode_cache_second_call_faster" time="0.098" /><testcase classname="backend.tests.test_geocode_api.TestGeocode" name="test_geocode_rate_limit_serial_calls_succeed" time="3.074" /><testcase classname="backend.tests.test_routeiq_api.TestMeta" name="test_root" time="0.147" /><testcase classname="backend.tests.test_routeiq_api.TestMeta" name="test_health" time="0.047" /><testcase classname="backend.tests.test_routeiq_api.TestOptimize" name="test_optimize_5_locations" time="0.053" /><testcase classname="backend.tests.test_routeiq_api.TestOptimize" name="test_optimize_min_validation" time="0.049" /><testcase classname="backend.tests.test_routeiq_api.TestOptimize" name="test_optimize_max_validation" time="0.050" /><testcase classname="backend.tests.test_routeiq_api.TestOptimize" name="test_optimize_haversine_missing_latlng" time="0.057" /><testcase classname="backend.tests.test_routeiq_api.TestOptimize" name="test_optimize_haversine_full" time="0.054" /><testcase classname="backend.tests.test_routeiq_api.TestOptimize" name="test_optimize_haversine_manhattan_8" time="0.049" /><testcase classname="backend.tests.test_routeiq_api.TestOptimize" name="test_optimize_2_locations" time="0.050" /><testcase classname="backend.tests.test_routeiq_api.TestHistory" name="test_history_returns_list" time="0.105" /></testsuite></testsuites>