<?xml version="1.0" encoding="utf-8"?><testsuites name="pytest tests"><testsuite name="pytest" errors="0" failures="0" skipped="5" tests="27" time="9.659" timestamp="2026-04-29T05:47:33.216810+00:00" hostname="agent-env-b37e10f7-6df3-4245-bd5f-bc128055367e"><testcase classname="backend.tests.test_algorithms_compare.TestAlgorithmsMeta" name="test_algorithms_metadata" time="0.189" /><testcase classname="backend.tests.test_algorithms_compare.TestOptimizePerAlgorithm" name="test_held_karp_default" time="0.056" /><testcase classname="backend.tests.test_algorithms_compare.TestOptimizePerAlgorithm" name="test_backtracking_correct" time="0.046" /><testcase classname="backend.tests.test_algorithms_compare.TestOptimizePerAlgorithm" name="test_greedy_returns" time="0.049" /><testcase classname="backend.tests.test_algorithms_compare.TestOptimizePerAlgorithm" name="test_held_karp_and_backtracking_match" time="0.101" /><testcase classname="backend.tests.test_algorithms_compare.TestOptimizePerAlgorithm" name="test_greedy_geq_optimal" time="0.098" /><testcase classname="backend.tests.test_algorithms_compare.TestOptimizePerAlgorithm" name="test_invalid_algorithm_returns_422" time="0.048" /><testcase classname="backend.tests.test_algorithms_compare.TestCompare" name="test_compare_basic_5" time="0.049" /><testcase classname="backend.tests.test_algorithms_compare.TestCompare" name="test_compare_manhattan_8_haversine" time="0.049" /><testcase classname="backend.tests.test_algorithms_compare.TestCompare" name="test_compare_max_13_locations_rejected" time="0.044" /><testcase classname="backend.tests.test_algorithms_compare.TestCompare" name="test_compare_min_validation" time="0.046" /><testcase classname="backend.tests.test_geocode_api.TestGeocode" name="test_geocode_validation_too_short" time="0.179" /><testcase classname="backend.tests.test_geocode_api.TestGeocode" name="test_geocode_bandra" time="2.015"><skipped type="pytest.skip" message="Nominatim upstream blocked in test env">/app/backend/tests/test_geocode_api.py:35: Nominatim upstream blocked in test env</skipped></testcase><testcase classname="backend.tests.test_geocode_api.TestGeocode" name="test_geocode_soho_with_country_state" time="1.649"><skipped type="pytest.skip" message="Nominatim upstream blocked in test env">/app/backend/tests/test_geocode_api.py:55: Nominatim upstream blocked in test env</skipped></testcase><testcase classname="backend.tests.test_geocode_api.TestGeocode" name="test_geocode_limit_respected" time="1.216"><skipped type="pytest.skip" message="Nominatim upstream blocked in test env">/app/backend/tests/test_geocode_api.py:66: Nominatim upstream blocked in test env</skipped></testcase><testcase classname="backend.tests.test_geocode_api.TestGeocode" name="test_geocode_cache_second_call_faster" time="1.284"><skipped type="pytest.skip" message="Nominatim upstream blocked in test env">/app/backend/tests/test_geocode_api.py:76: Nominatim upstream blocked in test env</skipped></testcase><testcase classname="backend.tests.test_geocode_api.TestGeocode" name="test_geocode_rate_limit_serial_calls_succeed" time="1.814"><skipped type="pytest.skip" message="Nominatim upstream blocked in test env">/app/backend/tests/test_geocode_api.py:94: Nominatim upstream blocked in test env</skipped></testcase><testcase classname="backend.tests.test_routeiq_api.TestMeta" name="test_root" time="0.156" /><testcase classname="backend.tests.test_routeiq_api.TestMeta" name="test_health" time="0.051" /><testcase classname="backend.tests.test_routeiq_api.TestOptimize" name="test_optimize_5_locations" time="0.051" /><testcase classname="backend.tests.test_routeiq_api.TestOptimize" name="test_optimize_min_validation" time="0.048" /><testcase classname="backend.tests.test_routeiq_api.TestOptimize" name="test_optimize_max_validation" time="0.049" /><testcase classname="backend.tests.test_routeiq_api.TestOptimize" name="test_optimize_haversine_missing_latlng" time="0.050" /><testcase classname="backend.tests.test_routeiq_api.TestOptimize" name="test_optimize_haversine_full" time="0.048" /><testcase classname="backend.tests.test_routeiq_api.TestOptimize" name="test_optimize_haversine_manhattan_8" time="0.050" /><testcase classname="backend.tests.test_routeiq_api.TestOptimize" name="test_optimize_2_locations" time="0.050" /><testcase classname="backend.tests.test_routeiq_api.TestHistory" name="test_history_returns_list" time="0.100" /></testsuite></testsuites>