<?xml version="1.0" encoding="utf-8"?><testsuites name="pytest tests"><testsuite name="pytest" errors="0" failures="1" skipped="0" tests="11" time="1.115" timestamp="2026-04-29T05:46:49.805536+00:00" hostname="agent-env-b37e10f7-6df3-4245-bd5f-bc128055367e"><testcase classname="backend.tests.test_algorithms_compare.TestAlgorithmsMeta" name="test_algorithms_metadata" time="0.301" /><testcase classname="backend.tests.test_algorithms_compare.TestOptimizePerAlgorithm" name="test_held_karp_default" time="0.054" /><testcase classname="backend.tests.test_algorithms_compare.TestOptimizePerAlgorithm" name="test_backtracking_correct" time="0.050" /><testcase classname="backend.tests.test_algorithms_compare.TestOptimizePerAlgorithm" name="test_greedy_returns" time="0.054" /><testcase classname="backend.tests.test_algorithms_compare.TestOptimizePerAlgorithm" name="test_held_karp_and_backtracking_match" time="0.102" /><testcase classname="backend.tests.test_algorithms_compare.TestOptimizePerAlgorithm" name="test_greedy_geq_optimal" time="0.100" /><testcase classname="backend.tests.test_algorithms_compare.TestOptimizePerAlgorithm" name="test_invalid_algorithm_returns_422" time="0.050" /><testcase classname="backend.tests.test_algorithms_compare.TestCompare" name="test_compare_basic_5" time="0.049"><failure message="assert False is True">backend/tests/test_algorithms_compare.py:174: in test_compare_basic_5
    assert by["backtracking"]["is_optimal"] is True
E   assert False is True</failure></testcase><testcase classname="backend.tests.test_algorithms_compare.TestCompare" name="test_compare_manhattan_8_haversine" time="0.050" /><testcase classname="backend.tests.test_algorithms_compare.TestCompare" name="test_compare_max_13_locations_rejected" time="0.050" /><testcase classname="backend.tests.test_algorithms_compare.TestCompare" name="test_compare_min_validation" time="0.045" /></testsuite></testsuites>