<?xml version="1.0" encoding="utf-8"?><testsuites name="pytest tests"><testsuite name="pytest" errors="0" failures="0" skipped="0" tests="10" time="1.065" timestamp="2026-04-29T00:33:55.151266+00:00" hostname="agent-env-b37e10f7-6df3-4245-bd5f-bc128055367e"><testcase classname="backend.tests.test_routeiq_api.TestMeta" name="test_root" time="0.288" /><testcase classname="backend.tests.test_routeiq_api.TestMeta" name="test_health" time="0.053" /><testcase classname="backend.tests.test_routeiq_api.TestOptimize" name="test_optimize_5_locations" time="0.054" /><testcase classname="backend.tests.test_routeiq_api.TestOptimize" name="test_optimize_min_validation" time="0.047" /><testcase classname="backend.tests.test_routeiq_api.TestOptimize" name="test_optimize_max_validation" time="0.065" /><testcase classname="backend.tests.test_routeiq_api.TestOptimize" name="test_optimize_haversine_missing_latlng" time="0.049" /><testcase classname="backend.tests.test_routeiq_api.TestOptimize" name="test_optimize_haversine_full" time="0.070" /><testcase classname="backend.tests.test_routeiq_api.TestOptimize" name="test_optimize_haversine_manhattan_8" time="0.052" /><testcase classname="backend.tests.test_routeiq_api.TestOptimize" name="test_optimize_2_locations" time="0.052" /><testcase classname="backend.tests.test_routeiq_api.TestHistory" name="test_history_returns_list" time="0.101" /></testsuite></testsuites>