<?xml version="1.0" encoding="utf-8"?><testsuites name="pytest tests"><testsuite name="pytest" errors="0" failures="0" skipped="0" tests="9" time="1.072" timestamp="2026-04-29T00:14:16.290637+00:00" hostname="agent-env-b37e10f7-6df3-4245-bd5f-bc128055367e"><testcase classname="backend.tests.test_routeiq_api.TestMeta" name="test_root" time="0.309" /><testcase classname="backend.tests.test_routeiq_api.TestMeta" name="test_health" time="0.057" /><testcase classname="backend.tests.test_routeiq_api.TestOptimize" name="test_optimize_5_locations" time="0.059" /><testcase classname="backend.tests.test_routeiq_api.TestOptimize" name="test_optimize_min_validation" time="0.057" /><testcase classname="backend.tests.test_routeiq_api.TestOptimize" name="test_optimize_max_validation" time="0.060" /><testcase classname="backend.tests.test_routeiq_api.TestOptimize" name="test_optimize_haversine_missing_latlng" time="0.059" /><testcase classname="backend.tests.test_routeiq_api.TestOptimize" name="test_optimize_haversine_full" time="0.062" /><testcase classname="backend.tests.test_routeiq_api.TestOptimize" name="test_optimize_2_locations" time="0.062" /><testcase classname="backend.tests.test_routeiq_api.TestHistory" name="test_history_returns_list" time="0.117" /></testsuite></testsuites>